Flow report for BX
Wed Dec 04 11:20:16 2019
Quartus II Version 7.2 Build 151 09/26/2007 SJ Full Version


---------------------
; Table of Contents ;
---------------------
  1. Legal Notice
  2. Flow Summary
  3. Flow Settings
  4. Flow Non-Default Global Settings
  5. Flow Elapsed Time
  6. Flow Log



----------------
; Legal Notice ;
----------------
Copyright (C) 1991-2007 Altera Corporation
Your use of Altera Corporation's design tools, logic functions 
and other software and tools, and its AMPP partner logic 
functions, and any output files from any of the foregoing 
(including device programming or simulation files), and any 
associated documentation or information are expressly subject 
to the terms and conditions of the Altera Program License 
Subscription Agreement, Altera MegaCore Function License 
Agreement, or other applicable license agreement, including, 
without limitation, that your use is for the sole purpose of 
programming logic devices manufactured by Altera and sold by 
Altera or its authorized distributors.  Please refer to the 
applicable agreement for further details.



+--------------------------------------------------------------------------+
; Flow Summary                                                             ;
+-------------------------------+------------------------------------------+
; Flow Status                   ; Successful - Wed Dec 04 11:20:15 2019    ;
; Quartus II Version            ; 7.2 Build 151 09/26/2007 SJ Full Version ;
; Revision Name                 ; BX                                       ;
; Top-level Entity Name         ; Block1                                   ;
; Family                        ; Stratix II                               ;
; Met timing requirements       ; N/A                                      ;
; Logic utilization             ; N/A                                      ;
;     Combinational ALUTs       ; 188                                      ;
;     Dedicated logic registers ; 76                                       ;
; Total registers               ; 76                                       ;
; Total pins                    ; 148                                      ;
; Total virtual pins            ; 0                                        ;
; Total block memory bits       ; 0                                        ;
; DSP block 9-bit elements      ; 0                                        ;
; Total PLLs                    ; 0                                        ;
; Total DLLs                    ; 0                                        ;
+-------------------------------+------------------------------------------+


+-----------------------------------------+
; Flow Settings                           ;
+-------------------+---------------------+
; Option            ; Setting             ;
+-------------------+---------------------+
; Start date & time ; 12/04/2019 11:20:13 ;
; Main task         ; Compilation         ;
; Revision Name     ; BX                  ;
+-------------------+---------------------+


+-----------------------------------------------------------------------------------------+
; Flow Non-Default Global Settings                                                        ;
+------------------------------------+---------+---------------+-------------+------------+
; Assignment Name                    ; Value   ; Default Value ; Entity Name ; Section Id ;
+------------------------------------+---------+---------------+-------------+------------+
; PARTITION_COLOR                    ; 2147039 ; --            ; Block1      ; Top        ;
; PARTITION_NETLIST_TYPE             ; SOURCE  ; --            ; Block1      ; Top        ;
; TOP_LEVEL_ENTITY                   ; Block1  ; BX            ; --          ; --         ;
; USE_GENERATED_PHYSICAL_CONSTRAINTS ; Off     ; --            ; --          ; eda_palace ;
+------------------------------------+---------+---------------+-------------+------------+


+---------------------------------------------------------------+
; Flow Elapsed Time                                             ;
+----------------------+--------------+-------------------------+
; Module Name          ; Elapsed Time ; Average Processors Used ;
+----------------------+--------------+-------------------------+
; Analysis & Synthesis ; 00:00:02     ; 1.0                     ;
; Total                ; 00:00:02     ; --                      ;
+----------------------+--------------+-------------------------+


------------
; Flow Log ;
------------
quartus_map --read_settings_files=on --write_settings_files=off BX -c BX



